Unity Editor version:    2021.3.18f1 (3129e69bc0c7)
Branch:                  2021.3/staging
Build type:              Release
Batch mode:              YES
macOS version:           Version 14.1.1 (Build 23B81)
Darwin version:          23.1.0
Architecture:            x86_64
Running under Rosetta:   NO
Available memory:        8192 MB
Using pre-set license
Pro License: YES

COMMAND LINE ARGUMENTS:
/Applications/Unity/Hub/Editor/2021.3.18f1/Unity.app/Contents/MacOS/Unity
-adb2
-batchMode
-noUpm
-name
AssetImportWorker0
-projectPath
/Users/mike/Documents/GitHub/CultGame
-logFile
Logs/AssetImportWorker0.log
-srvPort
52248
Successfully changed project path to: /Users/mike/Documents/GitHub/CultGame
/Users/mike/Documents/GitHub/CultGame
[UnityMemory] Configuration Parameters - Can be set up in boot.config
    "memorysetup-bucket-allocator-granularity=16"
    "memorysetup-bucket-allocator-bucket-count=8"
    "memorysetup-bucket-allocator-block-size=33554432"
    "memorysetup-bucket-allocator-block-count=8"
    "memorysetup-main-allocator-block-size=16777216"
    "memorysetup-thread-allocator-block-size=16777216"
    "memorysetup-gfx-main-allocator-block-size=16777216"
    "memorysetup-gfx-thread-allocator-block-size=16777216"
    "memorysetup-cache-allocator-block-size=4194304"
    "memorysetup-typetree-allocator-block-size=2097152"
    "memorysetup-profiler-bucket-allocator-granularity=16"
    "memorysetup-profiler-bucket-allocator-bucket-count=8"
    "memorysetup-profiler-bucket-allocator-block-size=33554432"
    "memorysetup-profiler-bucket-allocator-block-count=8"
    "memorysetup-profiler-allocator-block-size=16777216"
    "memorysetup-profiler-editor-allocator-block-size=1048576"
    "memorysetup-temp-allocator-size-main=16777216"
    "memorysetup-job-temp-allocator-block-size=2097152"
    "memorysetup-job-temp-allocator-block-size-background=1048576"
    "memorysetup-job-temp-allocator-reduction-small-platforms=262144"
    "memorysetup-temp-allocator-size-background-worker=32768"
    "memorysetup-temp-allocator-size-job-worker=262144"
    "memorysetup-temp-allocator-size-preload-manager=33554432"
    "memorysetup-temp-allocator-size-nav-mesh-worker=65536"
    "memorysetup-temp-allocator-size-audio-worker=65536"
    "memorysetup-temp-allocator-size-cloud-worker=32768"
    "memorysetup-temp-allocator-size-gi-baking-worker=262144"
    "memorysetup-temp-allocator-size-gfx=262144"
Player connection [140704615213888] Host "[IP] 192.168.1.8 [Port] 0 [Flags] 2 [Guid] 1285824074 [EditorId] 1285824074 [Version] 1048832 [Id] OSXEditor(0,Mikes-MacBook-Pro.local) [Debug] 1 [PackageName] OSXEditor [ProjectName] Editor" joined multi-casting on [225.0.0.222:54997]...

Player connection [140704615213888] Host "[IP] 192.168.1.8 [Port] 0 [Flags] 2 [Guid] 1285824074 [EditorId] 1285824074 [Version] 1048832 [Id] OSXEditor(0,Mikes-MacBook-Pro.local) [Debug] 1 [PackageName] OSXEditor [ProjectName] Editor" joined alternative multi-casting on [225.0.0.222:34997]...

Refreshing native plugins compatible for Editor in 129.93 ms, found 2 plugins.
Preloading 0 native plugins for Editor in 0.00 ms.
Initialize engine version: 2021.3.18f1 (3129e69bc0c7)
[Subsystems] Discovering subsystems at path /Applications/Unity/Hub/Editor/2021.3.18f1/Unity.app/Contents/Resources/UnitySubsystems
[Subsystems] Discovering subsystems at path /Users/mike/Documents/GitHub/CultGame/Assets
GfxDevice: creating device client; threaded=0; jobified=0
Color LCD preferred device: Intel(R) Iris(TM) Graphics 550 (low power)
Metal devices available: 1
0: Intel(R) Iris(TM) Graphics 550 (low power)
Using device Intel(R) Iris(TM) Graphics 550 (low power)
Initializing Metal device caps: Intel(R) Iris(TM) Graphics 550
Initialize mono
Mono path[0] = '/Applications/Unity/Hub/Editor/2021.3.18f1/Unity.app/Contents/Managed'
Mono path[1] = '/Applications/Unity/Hub/Editor/2021.3.18f1/Unity.app/Contents/MonoBleedingEdge/lib/mono/unityjit-macos'
Mono config path = '/Applications/Unity/Hub/Editor/2021.3.18f1/Unity.app/Contents/MonoBleedingEdge/etc'
Using monoOptions --debugger-agent=transport=dt_socket,embedding=1,server=y,suspend=n,address=127.0.0.1:56679
Begin MonoManager ReloadAssembly
Registering precompiled unity dll's ...
Register platform support module: /Applications/Unity/Hub/Editor/2021.3.18f1/Unity.app/Contents/PlaybackEngines/MacStandaloneSupport/UnityEditor.OSXStandalone.Extensions.dll
Register platform support module: /Applications/Unity/Hub/Editor/2021.3.18f1/PlaybackEngines/AndroidPlayer/UnityEditor.Android.Extensions.dll
Register platform support module: /Applications/Unity/Hub/Editor/2021.3.18f1/PlaybackEngines/iOSSupport/UnityEditor.iOS.Extensions.dll
Registered in 0.031223 seconds.
[usbmuxd] Start listen thread
[usbmuxd] Listen thread started
[usbmuxd] Send listen message
Native extension for iOS target not found
Native extension for Android target not found
Android Extension - Scanning For ADB Devices 250 ms
Native extension for OSXStandalone target not found
Refreshing native plugins compatible for Editor in 164.80 ms, found 2 plugins.
Preloading 0 native plugins for Editor in 0.00 ms.
Mono: successfully reloaded assembly
- Completed reload, in  2.620 seconds
Domain Reload Profiling:
	ReloadAssembly (2621ms)
		BeginReloadAssembly (435ms)
			ExecutionOrderSort (0ms)
			DisableScriptedObjects (0ms)
			BackupInstance (0ms)
			ReleaseScriptingObjects (0ms)
			CreateAndSetChildDomain (1ms)
		EndReloadAssembly (1915ms)
			LoadAssemblies (474ms)
			RebuildTransferFunctionScriptingTraits (0ms)
			SetupTypeCache (369ms)
			ReleaseScriptCaches (0ms)
			RebuildScriptCaches (64ms)
			SetupLoadedEditorAssemblies (1350ms)
				LogAssemblyErrors (0ms)
				InitializePlatformSupportModulesInManaged (779ms)
				SetLoadedEditorAssemblies (0ms)
				RefreshPlugins (165ms)
				BeforeProcessingInitializeOnLoad (2ms)
				ProcessInitializeOnLoadAttributes (227ms)
				ProcessInitializeOnLoadMethodAttributes (176ms)
				AfterProcessingInitializeOnLoad (0ms)
				EditorAssembliesLoaded (0ms)
			ExecutionOrderSort2 (0ms)
			AwakeInstancesAfterBackupRestoration (0ms)
Platform modules already initialized, skipping
Registering precompiled user dll's ...
Registered in 0.004097 seconds.
Begin MonoManager ReloadAssembly
Symbol file LoadedFromMemory doesn't match image /Users/mike/Documents/GitHub/CultGame/Library/PackageCache/com.unity.visualscripting@1.8.0/Editor/VisualScripting.Core/Dependencies/YamlDotNet/Unity.VisualScripting.YamlDotNet.dll
Symbol file LoadedFromMemory doesn't match image /Users/mike/Documents/GitHub/CultGame/Library/PackageCache/com.unity.visualscripting@1.8.0/Editor/VisualScripting.Core/Dependencies/DotNetZip/Unity.VisualScripting.IonicZip.dll
Native extension for iOS target not found
Native extension for Android target not found
Native extension for OSXStandalone target not found
Refreshing native plugins compatible for Editor in 0.66 ms, found 2 plugins.
Preloading 0 native plugins for Editor in 0.00 ms.
Mono: successfully reloaded assembly
- Completed reload, in  3.319 seconds
Domain Reload Profiling:
	ReloadAssembly (3321ms)
		BeginReloadAssembly (534ms)
			ExecutionOrderSort (0ms)
			DisableScriptedObjects (11ms)
			BackupInstance (0ms)
			ReleaseScriptingObjects (0ms)
			CreateAndSetChildDomain (53ms)
		EndReloadAssembly (2548ms)
			LoadAssemblies (674ms)
			RebuildTransferFunctionScriptingTraits (0ms)
			SetupTypeCache (1163ms)
			ReleaseScriptCaches (1ms)
			RebuildScriptCaches (186ms)
			SetupLoadedEditorAssemblies (606ms)
				LogAssemblyErrors (0ms)
				InitializePlatformSupportModulesInManaged (46ms)
				SetLoadedEditorAssemblies (1ms)
				RefreshPlugins (1ms)
				BeforeProcessingInitializeOnLoad (122ms)
				ProcessInitializeOnLoadAttributes (395ms)
				ProcessInitializeOnLoadMethodAttributes (40ms)
				AfterProcessingInitializeOnLoad (2ms)
				EditorAssembliesLoaded (0ms)
			ExecutionOrderSort2 (0ms)
			AwakeInstancesAfterBackupRestoration (5ms)
Platform modules already initialized, skipping
========================================================================
Worker process is ready to serve import requests
Launching external process: /Applications/Unity/Hub/Editor/2021.3.18f1/Unity.app/Contents/Tools/UnityShaderCompiler
Launched and connected shader compiler UnityShaderCompiler after 0.15 seconds
Refreshing native plugins compatible for Editor in 1.89 ms, found 2 plugins.
Preloading 0 native plugins for Editor in 0.00 ms.
Unloading 3050 Unused Serialized files (Serialized files now loaded: 0)
Unloading 22 unused Assets / (89.4 KB). Loaded Objects now: 3535.
Memory consumption went from 116.0 MB to 116.0 MB.
Total: 21.684792 ms (FindLiveObjects: 0.404073 ms CreateObjectMapping: 0.263917 ms MarkObjects: 20.710627 ms  DeleteObjects: 0.304523 ms)

AssetImportParameters requested are different than current active one (requested -> active):
  custom:video-decoder-ogg-theora: a1e56fd34408186e4bbccfd4996cb3dc -> 
  custom:container-muxer-webm: aa71ff27fc2769a1b78a27578f13a17b -> 
  custom:container-demuxer-webm: 4f35f7cbe854078d1ac9338744f61a02 -> 
  custom:video-encoder-webm-vp8: eb34c28f22e8b96e1ab97ce403110664 -> 
  custom:framework-osx-AVFoundation: e770b220cccbd017edd2c1fefb359320 -> 
  custom:audio-encoder-webm-vorbis: bf7c407c2cedff20999df2af8eb42d56 -> 
  custom:container-demuxer-ogg: 62fdf1f143b41e24485cea50d1cbac27 -> 
  custom:video-decoder-webm-vp8: 9c59270c3fd7afecdb556c50c9e8de78 -> 
  custom:audio-decoder-ogg-vorbis: bf7c407c2cedff20999df2af8eb42d56 -> 
========================================================================
Received Import Request.
  Time since last request: 18821.575883 seconds.
  path: Assets/church_asset.obj
  artifactKey: Guid(5ecce7df2cea44963b15928731cea89a) Importer(815301076,1909f56bfc062723c751e8b465ee728b)
Start importing Assets/church_asset.obj using Guid(5ecce7df2cea44963b15928731cea89a) Importer(815301076,1909f56bfc062723c751e8b465ee728b)  -> (artifact id: '1fbbde4b4d4d327916dd1ef4a01b2007') in 3.438304 seconds 
========================================================================
Received Import Request.
  Time since last request: 92.767894 seconds.
  path: Assets/church_asset.obj
  artifactKey: Guid(5ecce7df2cea44963b15928731cea89a) Importer(815301076,1909f56bfc062723c751e8b465ee728b)
Start importing Assets/church_asset.obj using Guid(5ecce7df2cea44963b15928731cea89a) Importer(815301076,1909f56bfc062723c751e8b465ee728b)  -> (artifact id: '38f599e1e14ab189a62bb9b6b61c23f3') in 0.079684 seconds 
========================================================================
Received Import Request.
  Time since last request: 6.007539 seconds.
  path: Assets/church_asset.obj
  artifactKey: Guid(5ecce7df2cea44963b15928731cea89a) Importer(815301076,1909f56bfc062723c751e8b465ee728b)
Start importing Assets/church_asset.obj using Guid(5ecce7df2cea44963b15928731cea89a) Importer(815301076,1909f56bfc062723c751e8b465ee728b)  -> (artifact id: '6389179488c0eba7d75315f75137ac64') in 0.087736 seconds 
========================================================================
Received Import Request.
  Time since last request: 4.149512 seconds.
  path: Assets/church_asset.obj
  artifactKey: Guid(5ecce7df2cea44963b15928731cea89a) Importer(815301076,1909f56bfc062723c751e8b465ee728b)
Start importing Assets/church_asset.obj using Guid(5ecce7df2cea44963b15928731cea89a) Importer(815301076,1909f56bfc062723c751e8b465ee728b)  -> (artifact id: '164da091406dd239e59ddec2e4bb22e1') in 0.037391 seconds 
========================================================================
Received Prepare
Registering precompiled user dll's ...
Registered in 0.004780 seconds.
Begin MonoManager ReloadAssembly
Symbol file LoadedFromMemory doesn't match image /Users/mike/Documents/GitHub/CultGame/Library/PackageCache/com.unity.visualscripting@1.8.0/Editor/VisualScripting.Core/Dependencies/YamlDotNet/Unity.VisualScripting.YamlDotNet.dll
Symbol file LoadedFromMemory doesn't match image /Users/mike/Documents/GitHub/CultGame/Library/PackageCache/com.unity.visualscripting@1.8.0/Editor/VisualScripting.Core/Dependencies/DotNetZip/Unity.VisualScripting.IonicZip.dll
Native extension for iOS target not found
Native extension for Android target not found
Native extension for OSXStandalone target not found
Refreshing native plugins compatible for Editor in 1.07 ms, found 2 plugins.
Preloading 0 native plugins for Editor in 0.00 ms.
Mono: successfully reloaded assembly
- Completed reload, in  4.263 seconds
Domain Reload Profiling:
	ReloadAssembly (4265ms)
		BeginReloadAssembly (354ms)
			ExecutionOrderSort (0ms)
			DisableScriptedObjects (15ms)
			BackupInstance (0ms)
			ReleaseScriptingObjects (0ms)
			CreateAndSetChildDomain (135ms)
		EndReloadAssembly (3636ms)
			LoadAssemblies (212ms)
			RebuildTransferFunctionScriptingTraits (1ms)
			SetupTypeCache (1525ms)
			ReleaseScriptCaches (4ms)
			RebuildScriptCaches (180ms)
			SetupLoadedEditorAssemblies (1168ms)
				LogAssemblyErrors (0ms)
				InitializePlatformSupportModulesInManaged (91ms)
				SetLoadedEditorAssemblies (1ms)
				RefreshPlugins (1ms)
				BeforeProcessingInitializeOnLoad (252ms)
				ProcessInitializeOnLoadAttributes (754ms)
				ProcessInitializeOnLoadMethodAttributes (62ms)
				AfterProcessingInitializeOnLoad (6ms)
				EditorAssembliesLoaded (0ms)
			ExecutionOrderSort2 (0ms)
			AwakeInstancesAfterBackupRestoration (21ms)
Platform modules already initialized, skipping
Refreshing native plugins compatible for Editor in 3.64 ms, found 2 plugins.
Preloading 0 native plugins for Editor in 0.00 ms.
Unloading 3043 Unused Serialized files (Serialized files now loaded: 0)
Unloading 15 unused Assets / (22.0 KB). Loaded Objects now: 3582.
Memory consumption went from 122.4 MB to 122.3 MB.
Total: 9.227231 ms (FindLiveObjects: 0.321402 ms CreateObjectMapping: 0.195038 ms MarkObjects: 8.653764 ms  DeleteObjects: 0.055297 ms)

AssetImportParameters requested are different than current active one (requested -> active):
  custom:video-decoder-ogg-theora: a1e56fd34408186e4bbccfd4996cb3dc -> 
  custom:container-muxer-webm: aa71ff27fc2769a1b78a27578f13a17b -> 
  custom:container-demuxer-webm: 4f35f7cbe854078d1ac9338744f61a02 -> 
  custom:video-encoder-webm-vp8: eb34c28f22e8b96e1ab97ce403110664 -> 
  custom:framework-osx-AVFoundation: e770b220cccbd017edd2c1fefb359320 -> 
  custom:audio-encoder-webm-vorbis: bf7c407c2cedff20999df2af8eb42d56 -> 
  custom:container-demuxer-ogg: 62fdf1f143b41e24485cea50d1cbac27 -> 
  custom:video-decoder-webm-vp8: 9c59270c3fd7afecdb556c50c9e8de78 -> 
  custom:audio-decoder-ogg-vorbis: bf7c407c2cedff20999df2af8eb42d56 -> 
========================================================================
Received Prepare
Registering precompiled user dll's ...
Registered in 0.004107 seconds.
Begin MonoManager ReloadAssembly
Symbol file LoadedFromMemory doesn't match image /Users/mike/Documents/GitHub/CultGame/Library/PackageCache/com.unity.visualscripting@1.8.0/Editor/VisualScripting.Core/Dependencies/YamlDotNet/Unity.VisualScripting.YamlDotNet.dll
Symbol file LoadedFromMemory doesn't match image /Users/mike/Documents/GitHub/CultGame/Library/PackageCache/com.unity.visualscripting@1.8.0/Editor/VisualScripting.Core/Dependencies/DotNetZip/Unity.VisualScripting.IonicZip.dll
Native extension for iOS target not found
Native extension for Android target not found
Native extension for OSXStandalone target not found
Refreshing native plugins compatible for Editor in 4.24 ms, found 2 plugins.
Preloading 0 native plugins for Editor in 0.00 ms.
Mono: successfully reloaded assembly
- Completed reload, in  4.603 seconds
Domain Reload Profiling:
	ReloadAssembly (4604ms)
		BeginReloadAssembly (743ms)
			ExecutionOrderSort (0ms)
			DisableScriptedObjects (13ms)
			BackupInstance (0ms)
			ReleaseScriptingObjects (0ms)
			CreateAndSetChildDomain (138ms)
		EndReloadAssembly (3480ms)
			LoadAssemblies (640ms)
			RebuildTransferFunctionScriptingTraits (0ms)
			SetupTypeCache (1266ms)
			ReleaseScriptCaches (3ms)
			RebuildScriptCaches (222ms)
			SetupLoadedEditorAssemblies (1091ms)
				LogAssemblyErrors (0ms)
				InitializePlatformSupportModulesInManaged (118ms)
				SetLoadedEditorAssemblies (1ms)
				RefreshPlugins (4ms)
				BeforeProcessingInitializeOnLoad (191ms)
				ProcessInitializeOnLoadAttributes (704ms)
				ProcessInitializeOnLoadMethodAttributes (70ms)
				AfterProcessingInitializeOnLoad (2ms)
				EditorAssembliesLoaded (0ms)
			ExecutionOrderSort2 (0ms)
			AwakeInstancesAfterBackupRestoration (13ms)
Platform modules already initialized, skipping
Refreshing native plugins compatible for Editor in 2.96 ms, found 2 plugins.
Preloading 0 native plugins for Editor in 0.00 ms.
Unloading 3043 Unused Serialized files (Serialized files now loaded: 0)
Unloading 15 unused Assets / (22.0 KB). Loaded Objects now: 3585.
Memory consumption went from 122.4 MB to 122.3 MB.
Total: 7.163356 ms (FindLiveObjects: 0.371754 ms CreateObjectMapping: 0.249553 ms MarkObjects: 6.503405 ms  DeleteObjects: 0.037213 ms)

AssetImportParameters requested are different than current active one (requested -> active):
  custom:video-decoder-ogg-theora: a1e56fd34408186e4bbccfd4996cb3dc -> 
  custom:container-muxer-webm: aa71ff27fc2769a1b78a27578f13a17b -> 
  custom:container-demuxer-webm: 4f35f7cbe854078d1ac9338744f61a02 -> 
  custom:video-encoder-webm-vp8: eb34c28f22e8b96e1ab97ce403110664 -> 
  custom:framework-osx-AVFoundation: e770b220cccbd017edd2c1fefb359320 -> 
  custom:audio-encoder-webm-vorbis: bf7c407c2cedff20999df2af8eb42d56 -> 
  custom:container-demuxer-ogg: 62fdf1f143b41e24485cea50d1cbac27 -> 
  custom:video-decoder-webm-vp8: 9c59270c3fd7afecdb556c50c9e8de78 -> 
  custom:audio-decoder-ogg-vorbis: bf7c407c2cedff20999df2af8eb42d56 -> 
========================================================================
Received Import Request.
  Time since last request: 492.971355 seconds.
  path: Assets/church_asset.obj
  artifactKey: Guid(5ecce7df2cea44963b15928731cea89a) Importer(815301076,1909f56bfc062723c751e8b465ee728b)
Start importing Assets/church_asset.obj using Guid(5ecce7df2cea44963b15928731cea89a) Importer(815301076,1909f56bfc062723c751e8b465ee728b)  -> (artifact id: '707104d38ecd85293eb43570df382cf9') in 0.445715 seconds 
========================================================================
Received Import Request.
  Time since last request: 6.927221 seconds.
  path: Assets/church_asset.obj
  artifactKey: Guid(5ecce7df2cea44963b15928731cea89a) Importer(815301076,1909f56bfc062723c751e8b465ee728b)
Start importing Assets/church_asset.obj using Guid(5ecce7df2cea44963b15928731cea89a) Importer(815301076,1909f56bfc062723c751e8b465ee728b)  -> (artifact id: '743028fa02e99caa8e4941acedeb7fd0') in 0.087706 seconds 
========================================================================
Received Import Request.
  Time since last request: 6.245576 seconds.
  path: Assets/church_asset.obj
  artifactKey: Guid(5ecce7df2cea44963b15928731cea89a) Importer(815301076,1909f56bfc062723c751e8b465ee728b)
Start importing Assets/church_asset.obj using Guid(5ecce7df2cea44963b15928731cea89a) Importer(815301076,1909f56bfc062723c751e8b465ee728b)  -> (artifact id: '4bdf60a2cab5e06bf64c640cf64630ec') in 0.361026 seconds 
========================================================================
Received Import Request.
  Time since last request: 6.813970 seconds.
  path: Assets/church_asset.obj
  artifactKey: Guid(5ecce7df2cea44963b15928731cea89a) Importer(815301076,1909f56bfc062723c751e8b465ee728b)
Start importing Assets/church_asset.obj using Guid(5ecce7df2cea44963b15928731cea89a) Importer(815301076,1909f56bfc062723c751e8b465ee728b)  -> (artifact id: '25c6fd605e27e34e8431a81d9ce50997') in 0.040756 seconds 
========================================================================
Received Import Request.
  Time since last request: 3.938756 seconds.
  path: Assets/church_asset.obj
  artifactKey: Guid(5ecce7df2cea44963b15928731cea89a) Importer(815301076,1909f56bfc062723c751e8b465ee728b)
Start importing Assets/church_asset.obj using Guid(5ecce7df2cea44963b15928731cea89a) Importer(815301076,1909f56bfc062723c751e8b465ee728b)  -> (artifact id: '5160376c16c2973130f5cfbcef77c812') in 0.101238 seconds 
========================================================================
Received Import Request.
  Time since last request: 16.011843 seconds.
  path: Assets/church_asset.obj
  artifactKey: Guid(5ecce7df2cea44963b15928731cea89a) Importer(815301076,1909f56bfc062723c751e8b465ee728b)
Start importing Assets/church_asset.obj using Guid(5ecce7df2cea44963b15928731cea89a) Importer(815301076,1909f56bfc062723c751e8b465ee728b)  -> (artifact id: 'db9f430ebdf646b7cf7227d0970cbcac') in 0.073280 seconds 
========================================================================
Received Import Request.
  Time since last request: 374.419917 seconds.
  path: Assets/chapel.fbx
  artifactKey: Guid(c2612a5dc6e324969871f2c8f8227224) Importer(815301076,1909f56bfc062723c751e8b465ee728b)
Start importing Assets/chapel.fbx using Guid(c2612a5dc6e324969871f2c8f8227224) Importer(815301076,1909f56bfc062723c751e8b465ee728b)  -> (artifact id: '2b0c960e0230ea761851a487af526250') in 2.846934 seconds 
========================================================================
Received Import Request.
  Time since last request: 251.762767 seconds.
  path: Assets/grass.fbx
  artifactKey: Guid(1a66fb83ecf9447608f605f091fde6a6) Importer(815301076,1909f56bfc062723c751e8b465ee728b)
Start importing Assets/grass.fbx using Guid(1a66fb83ecf9447608f605f091fde6a6) Importer(815301076,1909f56bfc062723c751e8b465ee728b)  -> (artifact id: 'bf74f78c3c7c1e1157fc39d47ebb30e4') in 2.157929 seconds 
========================================================================
Received Import Request.
  Time since last request: 305.446807 seconds.
  path: Assets/trexxxe.fbx
  artifactKey: Guid(8aef57cc96e124308b8ab5fe02be5038) Importer(815301076,1909f56bfc062723c751e8b465ee728b)
Start importing Assets/trexxxe.fbx using Guid(8aef57cc96e124308b8ab5fe02be5038) Importer(815301076,1909f56bfc062723c751e8b465ee728b)  -> (artifact id: '435b51375f4735f16b7c1ad90bedf631') in 7.790156 seconds 
========================================================================
Received Prepare
Registering precompiled user dll's ...
Registered in 0.003872 seconds.
Begin MonoManager ReloadAssembly
Symbol file LoadedFromMemory doesn't match image /Users/mike/Documents/GitHub/CultGame/Library/PackageCache/com.unity.visualscripting@1.8.0/Editor/VisualScripting.Core/Dependencies/YamlDotNet/Unity.VisualScripting.YamlDotNet.dll
Symbol file LoadedFromMemory doesn't match image /Users/mike/Documents/GitHub/CultGame/Library/PackageCache/com.unity.visualscripting@1.8.0/Editor/VisualScripting.Core/Dependencies/DotNetZip/Unity.VisualScripting.IonicZip.dll
Native extension for iOS target not found
Native extension for Android target not found
Native extension for OSXStandalone target not found
Refreshing native plugins compatible for Editor in 0.63 ms, found 2 plugins.
Preloading 0 native plugins for Editor in 0.00 ms.
Mono: successfully reloaded assembly
- Completed reload, in  2.674 seconds
Domain Reload Profiling:
	ReloadAssembly (2675ms)
		BeginReloadAssembly (744ms)
			ExecutionOrderSort (0ms)
			DisableScriptedObjects (26ms)
			BackupInstance (0ms)
			ReleaseScriptingObjects (0ms)
			CreateAndSetChildDomain (191ms)
		EndReloadAssembly (1752ms)
			LoadAssemblies (695ms)
			RebuildTransferFunctionScriptingTraits (0ms)
			SetupTypeCache (533ms)
			ReleaseScriptCaches (1ms)
			RebuildScriptCaches (78ms)
			SetupLoadedEditorAssemblies (570ms)
				LogAssemblyErrors (0ms)
				InitializePlatformSupportModulesInManaged (85ms)
				SetLoadedEditorAssemblies (1ms)
				RefreshPlugins (1ms)
				BeforeProcessingInitializeOnLoad (79ms)
				ProcessInitializeOnLoadAttributes (365ms)
				ProcessInitializeOnLoadMethodAttributes (37ms)
				AfterProcessingInitializeOnLoad (2ms)
				EditorAssembliesLoaded (0ms)
			ExecutionOrderSort2 (0ms)
			AwakeInstancesAfterBackupRestoration (6ms)
Platform modules already initialized, skipping
Refreshing native plugins compatible for Editor in 3.47 ms, found 2 plugins.
Preloading 0 native plugins for Editor in 0.00 ms.
Unloading 3043 Unused Serialized files (Serialized files now loaded: 0)
Unloading 15 unused Assets / (22.0 KB). Loaded Objects now: 3588.
Memory consumption went from 171.4 MB to 171.4 MB.
Total: 6.360528 ms (FindLiveObjects: 0.380723 ms CreateObjectMapping: 0.262385 ms MarkObjects: 5.640636 ms  DeleteObjects: 0.075432 ms)

AssetImportParameters requested are different than current active one (requested -> active):
  custom:video-decoder-ogg-theora: a1e56fd34408186e4bbccfd4996cb3dc -> 
  custom:container-muxer-webm: aa71ff27fc2769a1b78a27578f13a17b -> 
  custom:container-demuxer-webm: 4f35f7cbe854078d1ac9338744f61a02 -> 
  custom:video-encoder-webm-vp8: eb34c28f22e8b96e1ab97ce403110664 -> 
  custom:framework-osx-AVFoundation: e770b220cccbd017edd2c1fefb359320 -> 
  custom:audio-encoder-webm-vorbis: bf7c407c2cedff20999df2af8eb42d56 -> 
  custom:container-demuxer-ogg: 62fdf1f143b41e24485cea50d1cbac27 -> 
  custom:video-decoder-webm-vp8: 9c59270c3fd7afecdb556c50c9e8de78 -> 
  custom:audio-decoder-ogg-vorbis: bf7c407c2cedff20999df2af8eb42d56 -> 
========================================================================
Received Import Request.
  Time since last request: 427.896444 seconds.
  path: Assets/Pixelated Render.renderTexture
  artifactKey: Guid(9f2ae05f35f7a429baacc3f62fba3ea0) Importer(815301076,1909f56bfc062723c751e8b465ee728b)
Start importing Assets/Pixelated Render.renderTexture using Guid(9f2ae05f35f7a429baacc3f62fba3ea0) Importer(815301076,1909f56bfc062723c751e8b465ee728b)  -> (artifact id: '6dfc7cd5540415cbf3c7293e6cfb055d') in 2.138985 seconds 
